<?xml version="1.0" encoding="UTF-8"?>
<coverage generated="1590246058590" clover="3.2.0">
  <project timestamp="1590246058591" name="All files">
    <metrics statements="24" coveredstatements="24" conditionals="4" coveredconditionals="4" methods="4" coveredmethods="4" elements="32" coveredelements="32" complexity="0" loc="24" ncloc="24" packages="1" files="2" classes="2"/>
    <file name="app.js" path="C:\Users\Usuario\Desktop\dojo-codeB\app.js">
      <metrics statements="6" coveredstatements="6" conditionals="0" coveredconditionals="0" methods="1" coveredmethods="1"/>
      <line num="1" count="1" type="stmt"/>
      <line num="2" count="1" type="stmt"/>
      <line num="3" count="1" type="stmt"/>
      <line num="5" count="1" type="stmt"/>
      <line num="6" count="10" type="stmt"/>
      <line num="12" count="1" type="stmt"/>
    </file>
    <file name="codebreaker.js" path="C:\Users\Usuario\Desktop\dojo-codeB\codebreaker.js">
      <metrics statements="18" coveredstatements="18" conditionals="4" coveredconditionals="4" methods="3" coveredmethods="3"/>
      <line num="2" count="20" type="stmt"/>
      <line num="4" count="20" type="stmt"/>
      <line num="5" count="20" type="stmt"/>
      <line num="6" count="20" type="stmt"/>
      <line num="8" count="20" type="stmt"/>
      <line num="9" count="80" type="stmt"/>
      <line num="10" count="320" type="cond" truecount="2" falsecount="0"/>
      <line num="11" count="42" type="cond" truecount="2" falsecount="0"/>
      <line num="12" count="30" type="stmt"/>
      <line num="14" count="12" type="stmt"/>
      <line num="19" count="20" type="stmt"/>
      <line num="23" count="1" type="stmt"/>
      <line num="24" count="1" type="stmt"/>
      <line num="25" count="1" type="stmt"/>
      <line num="26" count="1" type="stmt"/>
      <line num="30" count="20" type="stmt"/>
      <line num="33" count="2" type="stmt"/>
      <line num="34" count="2" type="stmt"/>
    </file>
  </project>
</coverage>
