{"C:\\Users\\Usuario\\Desktop\\dojo-codeB\\app.js": {"path":"C:\\Users\\Usuario\\Desktop\\dojo-codeB\\app.js","statementMap":{"0":{"start":{"line":1,"column":16},"end":{"line":1,"column":34}},"1":{"start":{"line":2,"column":12},"end":{"line":2,"column":21}},"2":{"start":{"line":3,"column":20},"end":{"line":3,"column":44}},"3":{"start":{"line":5,"column":0},"end":{"line":10,"column":3}},"4":{"start":{"line":6,"column":0},"end":{"line":8,"column":3}},"5":{"start":{"line":12,"column":0},"end":{"line":12,"column":21}}},"fnMap":{"0":{"name":"(anonymous_0)","decl":{"start":{"line":5,"column":25},"end":{"line":5,"column":26}},"loc":{"start":{"line":5,"column":38},"end":{"line":10,"column":1}},"line":5}},"branchMap":{},"s":{"0":1,"1":1,"2":1,"3":1,"4":10,"5":1},"f":{"0":10},"b":{},"_coverageSchema":"1a1c01bbd47fc00a2c39e90264f33305004495a9","hash":"e452feeb5995cc094fe104953202a0386a49e1f6"}
,"C:\\Users\\Usuario\\Desktop\\dojo-codeB\\codebreaker.js": {"path":"C:\\Users\\Usuario\\Desktop\\dojo-codeB\\codebreaker.js","statementMap":{"0":{"start":{"line":2,"column":25},"end":{"line":2,"column":41}},"1":{"start":{"line":4,"column":20},"end":{"line":4,"column":26}},"2":{"start":{"line":5,"column":20},"end":{"line":5,"column":38}},"3":{"start":{"line":6,"column":20},"end":{"line":6,"column":22}},"4":{"start":{"line":8,"column":4},"end":{"line":18,"column":5}},"5":{"start":{"line":8,"column":16},"end":{"line":8,"column":17}},"6":{"start":{"line":9,"column":8},"end":{"line":17,"column":10}},"7":{"start":{"line":9,"column":20},"end":{"line":9,"column":21}},"8":{"start":{"line":10,"column":11},"end":{"line":16,"column":12}},"9":{"start":{"line":11,"column":15},"end":{"line":15,"column":16}},"10":{"start":{"line":12,"column":20},"end":{"line":12,"column":54}},"11":{"start":{"line":14,"column":20},"end":{"line":14,"column":54}},"12":{"start":{"line":19,"column":4},"end":{"line":19,"column":21}},"13":{"start":{"line":23,"column":19},"end":{"line":23,"column":50}},"14":{"start":{"line":24,"column":20},"end":{"line":24,"column":37}},"15":{"start":{"line":25,"column":4},"end":{"line":25,"column":25}},"16":{"start":{"line":26,"column":4},"end":{"line":26,"column":19}},"17":{"start":{"line":30,"column":4},"end":{"line":30,"column":18}},"18":{"start":{"line":33,"column":0},"end":{"line":33,"column":41}},"19":{"start":{"line":34,"column":0},"end":{"line":34,"column":47}}},"fnMap":{"0":{"name":"codebreaker","decl":{"start":{"line":1,"column":9},"end":{"line":1,"column":20}},"loc":{"start":{"line":1,"column":24},"end":{"line":20,"column":1}},"line":1},"1":{"name":"generateRandom","decl":{"start":{"line":22,"column":9},"end":{"line":22,"column":23}},"loc":{"start":{"line":22,"column":25},"end":{"line":27,"column":1}},"line":22},"2":{"name":"generateNumber","decl":{"start":{"line":29,"column":9},"end":{"line":29,"column":23}},"loc":{"start":{"line":29,"column":25},"end":{"line":31,"column":1}},"line":29}},"branchMap":{"0":{"loc":{"start":{"line":10,"column":11},"end":{"line":16,"column":12}},"type":"if","locations":[{"start":{"line":10,"column":11},"end":{"line":16,"column":12}},{"start":{"line":10,"column":11},"end":{"line":16,"column":12}}],"line":10},"1":{"loc":{"start":{"line":11,"column":15},"end":{"line":15,"column":16}},"type":"if","locations":[{"start":{"line":11,"column":15},"end":{"line":15,"column":16}},{"start":{"line":11,"column":15},"end":{"line":15,"column":16}}],"line":11}},"s":{"0":20,"1":20,"2":20,"3":20,"4":20,"5":20,"6":80,"7":80,"8":320,"9":42,"10":30,"11":12,"12":20,"13":1,"14":1,"15":1,"16":1,"17":20,"18":2,"19":2},"f":{"0":20,"1":1,"2":20},"b":{"0":[42,278],"1":[30,12]},"_coverageSchema":"1a1c01bbd47fc00a2c39e90264f33305004495a9","hash":"50f9c06f70c179a97c21320163725ed6e879e45a"}
}
