TN:
SF:app.js
FN:5,(anonymous_0)
FNF:1
FNH:1
FNDA:10,(anonymous_0)
DA:1,1
DA:2,1
DA:3,1
DA:5,1
DA:6,10
DA:12,1
LF:6
LH:6
BRF:0
BRH:0
end_of_record
TN:
SF:codebreaker.js
FN:1,codebreaker
FN:22,generateRandom
FN:29,generateNumber
FNF:3
FNH:3
FNDA:20,codebreaker
FNDA:1,generateRandom
FNDA:20,generateNumber
DA:2,20
DA:4,20
DA:5,20
DA:6,20
DA:8,20
DA:9,80
DA:10,320
DA:11,42
DA:12,30
DA:14,12
DA:19,20
DA:23,1
DA:24,1
DA:25,1
DA:26,1
DA:30,20
DA:33,2
DA:34,2
LF:18
LH:18
BRDA:10,0,0,42
BRDA:10,0,1,278
BRDA:11,1,0,30
BRDA:11,1,1,12
BRF:4
BRH:4
end_of_record
